INFO - 2025-09-01 12:05:15 --> Session: Class initialized using 'CodeIgniter\Session\Handlers\FileHandler' driver.
ERROR - 2025-09-01 12:21:32 --> Error connecting to the database: mysqli_sql_exception: Access denied for user 'brkd_us'@'78.186.167.202' (using password: YES) in /Users/tikoapp/Documents/GitHub/kelesoglu_grup/system/Database/MySQLi/Connection.php:185
Stack trace:
#0 /Users/tikoapp/Documents/GitHub/kelesoglu_grup/system/Database/MySQLi/Connection.php(185): mysqli->real_connect('45.143.99.171', 'brkd_us', 'Z690&bk5s', 'brkd_db', 3306, '', 0)
#1 /Users/tikoapp/Documents/GitHub/kelesoglu_grup/system/Database/BaseConnection.php(391): CodeIgniter\Database\MySQLi\Connection->connect(false)
#2 /Users/tikoapp/Documents/GitHub/kelesoglu_grup/system/Database/BaseConnection.php(574): CodeIgniter\Database\BaseConnection->initialize()
#3 /Users/tikoapp/Documents/GitHub/kelesoglu_grup/system/Database/BaseBuilder.php(1615): CodeIgniter\Database\BaseConnection->query('SELECT 1\nFROM `...', Array, false)
#4 /Users/tikoapp/Documents/GitHub/kelesoglu_grup/system/Validation/StrictRules/Rules.php(147): CodeIgniter\Database\BaseBuilder->get()
#5 /Users/tikoapp/Documents/GitHub/kelesoglu_grup/system/Validation/Validation.php(309): CodeIgniter\Validation\StrictRules\Rules->is_not_unique('admin@kelesoglu...', 'user_eposta', Array, NULL, 'user_eposta')
#6 /Users/tikoapp/Documents/GitHub/kelesoglu_grup/system/Validation/Validation.php(195): CodeIgniter\Validation\Validation->processRules('user_eposta', 'user_eposta', 'admin@kelesoglu...', Array, Array)
#7 /Users/tikoapp/Documents/GitHub/kelesoglu_grup/app/Controllers/TikoPortal/User.php(123): CodeIgniter\Validation\Validation->run(Array, 'loginRules')
#8 /Users/tikoapp/Documents/GitHub/kelesoglu_grup/system/CodeIgniter.php(919): App\Controllers\TikoPortal\User->checkLogin()
#9 /Users/tikoapp/Documents/GitHub/kelesoglu_grup/system/CodeIgniter.php(494): CodeIgniter\CodeIgniter->runController(Object(App\Controllers\TikoPortal\User))
#10 /Users/tikoapp/Documents/GitHub/kelesoglu_grup/system/CodeIgniter.php(353): CodeIgniter\CodeIgniter->handleRequest(NULL, Object(Config\Cache), false)
#11 /Users/tikoapp/Documents/GitHub/kelesoglu_grup/public_html/index.php(79): CodeIgniter\CodeIgniter->run()
#12 /Users/tikoapp/Documents/GitHub/kelesoglu_grup/system/Commands/Server/rewrite.php(47): require_once('/Users/tikoapp/...')
#13 {main}

Next CodeIgniter\Database\Exceptions\DatabaseException: Access denied for user '****'@'78.186.167.202' (using password: YES) in /Users/tikoapp/Documents/GitHub/kelesoglu_grup/system/Database/MySQLi/Connection.php:229
Stack trace:
#0 /Users/tikoapp/Documents/GitHub/kelesoglu_grup/system/Database/BaseConnection.php(391): CodeIgniter\Database\MySQLi\Connection->connect(false)
#1 /Users/tikoapp/Documents/GitHub/kelesoglu_grup/system/Database/BaseConnection.php(574): CodeIgniter\Database\BaseConnection->initialize()
#2 /Users/tikoapp/Documents/GitHub/kelesoglu_grup/system/Database/BaseBuilder.php(1615): CodeIgniter\Database\BaseConnection->query('SELECT 1\nFROM `...', Array, false)
#3 /Users/tikoapp/Documents/GitHub/kelesoglu_grup/system/Validation/StrictRules/Rules.php(147): CodeIgniter\Database\BaseBuilder->get()
#4 /Users/tikoapp/Documents/GitHub/kelesoglu_grup/system/Validation/Validation.php(309): CodeIgniter\Validation\StrictRules\Rules->is_not_unique('admin@kelesoglu...', 'user_eposta', Array, NULL, 'user_eposta')
#5 /Users/tikoapp/Documents/GitHub/kelesoglu_grup/system/Validation/Validation.php(195): CodeIgniter\Validation\Validation->processRules('user_eposta', 'user_eposta', 'admin@kelesoglu...', Array, Array)
#6 /Users/tikoapp/Documents/GitHub/kelesoglu_grup/app/Controllers/TikoPortal/User.php(123): CodeIgniter\Validation\Validation->run(Array, 'loginRules')
#7 /Users/tikoapp/Documents/GitHub/kelesoglu_grup/system/CodeIgniter.php(919): App\Controllers\TikoPortal\User->checkLogin()
#8 /Users/tikoapp/Documents/GitHub/kelesoglu_grup/system/CodeIgniter.php(494): CodeIgniter\CodeIgniter->runController(Object(App\Controllers\TikoPortal\User))
#9 /Users/tikoapp/Documents/GitHub/kelesoglu_grup/system/CodeIgniter.php(353): CodeIgniter\CodeIgniter->handleRequest(NULL, Object(Config\Cache), false)
#10 /Users/tikoapp/Documents/GitHub/kelesoglu_grup/public_html/index.php(79): CodeIgniter\CodeIgniter->run()
#11 /Users/tikoapp/Documents/GitHub/kelesoglu_grup/system/Commands/Server/rewrite.php(47): require_once('/Users/tikoapp/...')
#12 {main}
CRITICAL - 2025-09-01 12:21:32 --> Unable to connect to the database.
Main connection [MySQLi]: Access denied for user '****'@'78.186.167.202' (using password: YES)
in SYSTEMPATH/Database/BaseConnection.php on line 427.
 1 SYSTEMPATH/Database/BaseConnection.php(574): CodeIgniter\Database\BaseConnection->initialize()
 2 SYSTEMPATH/Database/BaseBuilder.php(1615): CodeIgniter\Database\BaseConnection->query('SELECT 1
FROM `user`
WHERE `user_eposta` = :user_eposta:
 LIMIT 1', [...], false)
 3 SYSTEMPATH/Validation/StrictRules/Rules.php(147): CodeIgniter\Database\BaseBuilder->get()
 4 SYSTEMPATH/Validation/Validation.php(309): CodeIgniter\Validation\StrictRules\Rules->is_not_unique('admin@kelesoglugrup.com', 'user_eposta', [...], null, 'user_eposta')
 5 SYSTEMPATH/Validation/Validation.php(195): CodeIgniter\Validation\Validation->processRules('user_eposta', 'user_eposta', 'admin@kelesoglugrup.com', [...], [...])
 6 APPPATH/Controllers/TikoPortal/User.php(123): CodeIgniter\Validation\Validation->run([...], 'loginRules')
 7 SYSTEMPATH/CodeIgniter.php(919): App\Controllers\TikoPortal\User->checkLogin()
 8 SYSTEMPATH/CodeIgniter.php(494): CodeIgniter\CodeIgniter->runController(Object(App\Controllers\TikoPortal\User))
 9 SYSTEMPATH/CodeIgniter.php(353): CodeIgniter\CodeIgniter->handleRequest(null, Object(Config\Cache), false)
10 FCPATH/index.php(79): CodeIgniter\CodeIgniter->run()
11 SYSTEMPATH/Commands/Server/rewrite.php(47): require_once('/Users/tikoapp/Documents/GitHub/kelesoglu_grup/public_html/index.php')
ERROR - 2025-09-01 12:21:34 --> Error connecting to the database: mysqli_sql_exception: Access denied for user 'brkd_us'@'78.186.167.202' (using password: YES) in /Users/tikoapp/Documents/GitHub/kelesoglu_grup/system/Database/MySQLi/Connection.php:185
Stack trace:
#0 /Users/tikoapp/Documents/GitHub/kelesoglu_grup/system/Database/MySQLi/Connection.php(185): mysqli->real_connect('45.143.99.171', 'brkd_us', 'Z690&bk5s', 'brkd_db', 3306, '', 0)
#1 /Users/tikoapp/Documents/GitHub/kelesoglu_grup/system/Database/BaseConnection.php(391): CodeIgniter\Database\MySQLi\Connection->connect(false)
#2 /Users/tikoapp/Documents/GitHub/kelesoglu_grup/system/Database/BaseConnection.php(574): CodeIgniter\Database\BaseConnection->initialize()
#3 /Users/tikoapp/Documents/GitHub/kelesoglu_grup/system/Database/BaseBuilder.php(1615): CodeIgniter\Database\BaseConnection->query('SELECT 1\nFROM `...', Array, false)
#4 /Users/tikoapp/Documents/GitHub/kelesoglu_grup/system/Validation/StrictRules/Rules.php(147): CodeIgniter\Database\BaseBuilder->get()
#5 /Users/tikoapp/Documents/GitHub/kelesoglu_grup/system/Validation/Validation.php(309): CodeIgniter\Validation\StrictRules\Rules->is_not_unique('admin@kelesoglu...', 'user_eposta', Array, NULL, 'user_eposta')
#6 /Users/tikoapp/Documents/GitHub/kelesoglu_grup/system/Validation/Validation.php(195): CodeIgniter\Validation\Validation->processRules('user_eposta', 'user_eposta', 'admin@kelesoglu...', Array, Array)
#7 /Users/tikoapp/Documents/GitHub/kelesoglu_grup/app/Controllers/TikoPortal/User.php(123): CodeIgniter\Validation\Validation->run(Array, 'loginRules')
#8 /Users/tikoapp/Documents/GitHub/kelesoglu_grup/system/CodeIgniter.php(919): App\Controllers\TikoPortal\User->checkLogin()
#9 /Users/tikoapp/Documents/GitHub/kelesoglu_grup/system/CodeIgniter.php(494): CodeIgniter\CodeIgniter->runController(Object(App\Controllers\TikoPortal\User))
#10 /Users/tikoapp/Documents/GitHub/kelesoglu_grup/system/CodeIgniter.php(353): CodeIgniter\CodeIgniter->handleRequest(NULL, Object(Config\Cache), false)
#11 /Users/tikoapp/Documents/GitHub/kelesoglu_grup/public_html/index.php(79): CodeIgniter\CodeIgniter->run()
#12 /Users/tikoapp/Documents/GitHub/kelesoglu_grup/system/Commands/Server/rewrite.php(47): require_once('/Users/tikoapp/...')
#13 {main}

Next CodeIgniter\Database\Exceptions\DatabaseException: Access denied for user '****'@'78.186.167.202' (using password: YES) in /Users/tikoapp/Documents/GitHub/kelesoglu_grup/system/Database/MySQLi/Connection.php:229
Stack trace:
#0 /Users/tikoapp/Documents/GitHub/kelesoglu_grup/system/Database/BaseConnection.php(391): CodeIgniter\Database\MySQLi\Connection->connect(false)
#1 /Users/tikoapp/Documents/GitHub/kelesoglu_grup/system/Database/BaseConnection.php(574): CodeIgniter\Database\BaseConnection->initialize()
#2 /Users/tikoapp/Documents/GitHub/kelesoglu_grup/system/Database/BaseBuilder.php(1615): CodeIgniter\Database\BaseConnection->query('SELECT 1\nFROM `...', Array, false)
#3 /Users/tikoapp/Documents/GitHub/kelesoglu_grup/system/Validation/StrictRules/Rules.php(147): CodeIgniter\Database\BaseBuilder->get()
#4 /Users/tikoapp/Documents/GitHub/kelesoglu_grup/system/Validation/Validation.php(309): CodeIgniter\Validation\StrictRules\Rules->is_not_unique('admin@kelesoglu...', 'user_eposta', Array, NULL, 'user_eposta')
#5 /Users/tikoapp/Documents/GitHub/kelesoglu_grup/system/Validation/Validation.php(195): CodeIgniter\Validation\Validation->processRules('user_eposta', 'user_eposta', 'admin@kelesoglu...', Array, Array)
#6 /Users/tikoapp/Documents/GitHub/kelesoglu_grup/app/Controllers/TikoPortal/User.php(123): CodeIgniter\Validation\Validation->run(Array, 'loginRules')
#7 /Users/tikoapp/Documents/GitHub/kelesoglu_grup/system/CodeIgniter.php(919): App\Controllers\TikoPortal\User->checkLogin()
#8 /Users/tikoapp/Documents/GitHub/kelesoglu_grup/system/CodeIgniter.php(494): CodeIgniter\CodeIgniter->runController(Object(App\Controllers\TikoPortal\User))
#9 /Users/tikoapp/Documents/GitHub/kelesoglu_grup/system/CodeIgniter.php(353): CodeIgniter\CodeIgniter->handleRequest(NULL, Object(Config\Cache), false)
#10 /Users/tikoapp/Documents/GitHub/kelesoglu_grup/public_html/index.php(79): CodeIgniter\CodeIgniter->run()
#11 /Users/tikoapp/Documents/GitHub/kelesoglu_grup/system/Commands/Server/rewrite.php(47): require_once('/Users/tikoapp/...')
#12 {main}
CRITICAL - 2025-09-01 12:21:34 --> Unable to connect to the database.
Main connection [MySQLi]: Access denied for user '****'@'78.186.167.202' (using password: YES)
in SYSTEMPATH/Database/BaseConnection.php on line 427.
 1 SYSTEMPATH/Database/BaseConnection.php(574): CodeIgniter\Database\BaseConnection->initialize()
 2 SYSTEMPATH/Database/BaseBuilder.php(1615): CodeIgniter\Database\BaseConnection->query('SELECT 1
FROM `user`
WHERE `user_eposta` = :user_eposta:
 LIMIT 1', [...], false)
 3 SYSTEMPATH/Validation/StrictRules/Rules.php(147): CodeIgniter\Database\BaseBuilder->get()
 4 SYSTEMPATH/Validation/Validation.php(309): CodeIgniter\Validation\StrictRules\Rules->is_not_unique('admin@kelesoglugrup.com', 'user_eposta', [...], null, 'user_eposta')
 5 SYSTEMPATH/Validation/Validation.php(195): CodeIgniter\Validation\Validation->processRules('user_eposta', 'user_eposta', 'admin@kelesoglugrup.com', [...], [...])
 6 APPPATH/Controllers/TikoPortal/User.php(123): CodeIgniter\Validation\Validation->run([...], 'loginRules')
 7 SYSTEMPATH/CodeIgniter.php(919): App\Controllers\TikoPortal\User->checkLogin()
 8 SYSTEMPATH/CodeIgniter.php(494): CodeIgniter\CodeIgniter->runController(Object(App\Controllers\TikoPortal\User))
 9 SYSTEMPATH/CodeIgniter.php(353): CodeIgniter\CodeIgniter->handleRequest(null, Object(Config\Cache), false)
10 FCPATH/index.php(79): CodeIgniter\CodeIgniter->run()
11 SYSTEMPATH/Commands/Server/rewrite.php(47): require_once('/Users/tikoapp/Documents/GitHub/kelesoglu_grup/public_html/index.php')
ERROR - 2025-09-01 12:21:38 --> Error connecting to the database: mysqli_sql_exception: Access denied for user 'brkd_us'@'78.186.167.202' (using password: YES) in /Users/tikoapp/Documents/GitHub/kelesoglu_grup/system/Database/MySQLi/Connection.php:185
Stack trace:
#0 /Users/tikoapp/Documents/GitHub/kelesoglu_grup/system/Database/MySQLi/Connection.php(185): mysqli->real_connect('45.143.99.171', 'brkd_us', 'Z690&bk5s', 'brkd_db', 3306, '', 0)
#1 /Users/tikoapp/Documents/GitHub/kelesoglu_grup/system/Database/BaseConnection.php(391): CodeIgniter\Database\MySQLi\Connection->connect(false)
#2 /Users/tikoapp/Documents/GitHub/kelesoglu_grup/system/Database/BaseConnection.php(574): CodeIgniter\Database\BaseConnection->initialize()
#3 /Users/tikoapp/Documents/GitHub/kelesoglu_grup/system/Database/BaseBuilder.php(1615): CodeIgniter\Database\BaseConnection->query('SELECT 1\nFROM `...', Array, false)
#4 /Users/tikoapp/Documents/GitHub/kelesoglu_grup/system/Validation/StrictRules/Rules.php(147): CodeIgniter\Database\BaseBuilder->get()
#5 /Users/tikoapp/Documents/GitHub/kelesoglu_grup/system/Validation/Validation.php(309): CodeIgniter\Validation\StrictRules\Rules->is_not_unique('admin@kelesoglu...', 'user_eposta', Array, NULL, 'user_eposta')
#6 /Users/tikoapp/Documents/GitHub/kelesoglu_grup/system/Validation/Validation.php(195): CodeIgniter\Validation\Validation->processRules('user_eposta', 'user_eposta', 'admin@kelesoglu...', Array, Array)
#7 /Users/tikoapp/Documents/GitHub/kelesoglu_grup/app/Controllers/TikoPortal/User.php(123): CodeIgniter\Validation\Validation->run(Array, 'loginRules')
#8 /Users/tikoapp/Documents/GitHub/kelesoglu_grup/system/CodeIgniter.php(919): App\Controllers\TikoPortal\User->checkLogin()
#9 /Users/tikoapp/Documents/GitHub/kelesoglu_grup/system/CodeIgniter.php(494): CodeIgniter\CodeIgniter->runController(Object(App\Controllers\TikoPortal\User))
#10 /Users/tikoapp/Documents/GitHub/kelesoglu_grup/system/CodeIgniter.php(353): CodeIgniter\CodeIgniter->handleRequest(NULL, Object(Config\Cache), false)
#11 /Users/tikoapp/Documents/GitHub/kelesoglu_grup/public_html/index.php(79): CodeIgniter\CodeIgniter->run()
#12 /Users/tikoapp/Documents/GitHub/kelesoglu_grup/system/Commands/Server/rewrite.php(47): require_once('/Users/tikoapp/...')
#13 {main}

Next CodeIgniter\Database\Exceptions\DatabaseException: Access denied for user '****'@'78.186.167.202' (using password: YES) in /Users/tikoapp/Documents/GitHub/kelesoglu_grup/system/Database/MySQLi/Connection.php:229
Stack trace:
#0 /Users/tikoapp/Documents/GitHub/kelesoglu_grup/system/Database/BaseConnection.php(391): CodeIgniter\Database\MySQLi\Connection->connect(false)
#1 /Users/tikoapp/Documents/GitHub/kelesoglu_grup/system/Database/BaseConnection.php(574): CodeIgniter\Database\BaseConnection->initialize()
#2 /Users/tikoapp/Documents/GitHub/kelesoglu_grup/system/Database/BaseBuilder.php(1615): CodeIgniter\Database\BaseConnection->query('SELECT 1\nFROM `...', Array, false)
#3 /Users/tikoapp/Documents/GitHub/kelesoglu_grup/system/Validation/StrictRules/Rules.php(147): CodeIgniter\Database\BaseBuilder->get()
#4 /Users/tikoapp/Documents/GitHub/kelesoglu_grup/system/Validation/Validation.php(309): CodeIgniter\Validation\StrictRules\Rules->is_not_unique('admin@kelesoglu...', 'user_eposta', Array, NULL, 'user_eposta')
#5 /Users/tikoapp/Documents/GitHub/kelesoglu_grup/system/Validation/Validation.php(195): CodeIgniter\Validation\Validation->processRules('user_eposta', 'user_eposta', 'admin@kelesoglu...', Array, Array)
#6 /Users/tikoapp/Documents/GitHub/kelesoglu_grup/app/Controllers/TikoPortal/User.php(123): CodeIgniter\Validation\Validation->run(Array, 'loginRules')
#7 /Users/tikoapp/Documents/GitHub/kelesoglu_grup/system/CodeIgniter.php(919): App\Controllers\TikoPortal\User->checkLogin()
#8 /Users/tikoapp/Documents/GitHub/kelesoglu_grup/system/CodeIgniter.php(494): CodeIgniter\CodeIgniter->runController(Object(App\Controllers\TikoPortal\User))
#9 /Users/tikoapp/Documents/GitHub/kelesoglu_grup/system/CodeIgniter.php(353): CodeIgniter\CodeIgniter->handleRequest(NULL, Object(Config\Cache), false)
#10 /Users/tikoapp/Documents/GitHub/kelesoglu_grup/public_html/index.php(79): CodeIgniter\CodeIgniter->run()
#11 /Users/tikoapp/Documents/GitHub/kelesoglu_grup/system/Commands/Server/rewrite.php(47): require_once('/Users/tikoapp/...')
#12 {main}
CRITICAL - 2025-09-01 12:21:38 --> Unable to connect to the database.
Main connection [MySQLi]: Access denied for user '****'@'78.186.167.202' (using password: YES)
in SYSTEMPATH/Database/BaseConnection.php on line 427.
 1 SYSTEMPATH/Database/BaseConnection.php(574): CodeIgniter\Database\BaseConnection->initialize()
 2 SYSTEMPATH/Database/BaseBuilder.php(1615): CodeIgniter\Database\BaseConnection->query('SELECT 1
FROM `user`
WHERE `user_eposta` = :user_eposta:
 LIMIT 1', [...], false)
 3 SYSTEMPATH/Validation/StrictRules/Rules.php(147): CodeIgniter\Database\BaseBuilder->get()
 4 SYSTEMPATH/Validation/Validation.php(309): CodeIgniter\Validation\StrictRules\Rules->is_not_unique('admin@kelesoglugrup.com', 'user_eposta', [...], null, 'user_eposta')
 5 SYSTEMPATH/Validation/Validation.php(195): CodeIgniter\Validation\Validation->processRules('user_eposta', 'user_eposta', 'admin@kelesoglugrup.com', [...], [...])
 6 APPPATH/Controllers/TikoPortal/User.php(123): CodeIgniter\Validation\Validation->run([...], 'loginRules')
 7 SYSTEMPATH/CodeIgniter.php(919): App\Controllers\TikoPortal\User->checkLogin()
 8 SYSTEMPATH/CodeIgniter.php(494): CodeIgniter\CodeIgniter->runController(Object(App\Controllers\TikoPortal\User))
 9 SYSTEMPATH/CodeIgniter.php(353): CodeIgniter\CodeIgniter->handleRequest(null, Object(Config\Cache), false)
10 FCPATH/index.php(79): CodeIgniter\CodeIgniter->run()
11 SYSTEMPATH/Commands/Server/rewrite.php(47): require_once('/Users/tikoapp/Documents/GitHub/kelesoglu_grup/public_html/index.php')
INFO - 2025-09-01 12:22:03 --> Session: Class initialized using 'CodeIgniter\Session\Handlers\FileHandler' driver.
ERROR - 2025-09-01 12:22:04 --> Error connecting to the database: mysqli_sql_exception: Access denied for user 'brkd_us'@'78.186.167.202' (using password: YES) in /Users/tikoapp/Documents/GitHub/kelesoglu_grup/system/Database/MySQLi/Connection.php:185
Stack trace:
#0 /Users/tikoapp/Documents/GitHub/kelesoglu_grup/system/Database/MySQLi/Connection.php(185): mysqli->real_connect('45.143.99.171', 'brkd_us', 'Z690&bk5s', 'brkd_db', 3306, '', 0)
#1 /Users/tikoapp/Documents/GitHub/kelesoglu_grup/system/Database/BaseConnection.php(391): CodeIgniter\Database\MySQLi\Connection->connect(false)
#2 /Users/tikoapp/Documents/GitHub/kelesoglu_grup/system/Database/BaseConnection.php(574): CodeIgniter\Database\BaseConnection->initialize()
#3 /Users/tikoapp/Documents/GitHub/kelesoglu_grup/system/Database/BaseBuilder.php(1615): CodeIgniter\Database\BaseConnection->query('SELECT 1\nFROM `...', Array, false)
#4 /Users/tikoapp/Documents/GitHub/kelesoglu_grup/system/Validation/StrictRules/Rules.php(147): CodeIgniter\Database\BaseBuilder->get()
#5 /Users/tikoapp/Documents/GitHub/kelesoglu_grup/system/Validation/Validation.php(309): CodeIgniter\Validation\StrictRules\Rules->is_not_unique('ceyhunsozer@out...', 'user_eposta', Array, NULL, 'user_eposta')
#6 /Users/tikoapp/Documents/GitHub/kelesoglu_grup/system/Validation/Validation.php(195): CodeIgniter\Validation\Validation->processRules('user_eposta', 'user_eposta', 'ceyhunsozer@out...', Array, Array)
#7 /Users/tikoapp/Documents/GitHub/kelesoglu_grup/app/Controllers/TikoPortal/User.php(123): CodeIgniter\Validation\Validation->run(Array, 'loginRules')
#8 /Users/tikoapp/Documents/GitHub/kelesoglu_grup/system/CodeIgniter.php(919): App\Controllers\TikoPortal\User->checkLogin()
#9 /Users/tikoapp/Documents/GitHub/kelesoglu_grup/system/CodeIgniter.php(494): CodeIgniter\CodeIgniter->runController(Object(App\Controllers\TikoPortal\User))
#10 /Users/tikoapp/Documents/GitHub/kelesoglu_grup/system/CodeIgniter.php(353): CodeIgniter\CodeIgniter->handleRequest(NULL, Object(Config\Cache), false)
#11 /Users/tikoapp/Documents/GitHub/kelesoglu_grup/public_html/index.php(79): CodeIgniter\CodeIgniter->run()
#12 /Users/tikoapp/Documents/GitHub/kelesoglu_grup/system/Commands/Server/rewrite.php(47): require_once('/Users/tikoapp/...')
#13 {main}

Next CodeIgniter\Database\Exceptions\DatabaseException: Access denied for user '****'@'78.186.167.202' (using password: YES) in /Users/tikoapp/Documents/GitHub/kelesoglu_grup/system/Database/MySQLi/Connection.php:229
Stack trace:
#0 /Users/tikoapp/Documents/GitHub/kelesoglu_grup/system/Database/BaseConnection.php(391): CodeIgniter\Database\MySQLi\Connection->connect(false)
#1 /Users/tikoapp/Documents/GitHub/kelesoglu_grup/system/Database/BaseConnection.php(574): CodeIgniter\Database\BaseConnection->initialize()
#2 /Users/tikoapp/Documents/GitHub/kelesoglu_grup/system/Database/BaseBuilder.php(1615): CodeIgniter\Database\BaseConnection->query('SELECT 1\nFROM `...', Array, false)
#3 /Users/tikoapp/Documents/GitHub/kelesoglu_grup/system/Validation/StrictRules/Rules.php(147): CodeIgniter\Database\BaseBuilder->get()
#4 /Users/tikoapp/Documents/GitHub/kelesoglu_grup/system/Validation/Validation.php(309): CodeIgniter\Validation\StrictRules\Rules->is_not_unique('ceyhunsozer@out...', 'user_eposta', Array, NULL, 'user_eposta')
#5 /Users/tikoapp/Documents/GitHub/kelesoglu_grup/system/Validation/Validation.php(195): CodeIgniter\Validation\Validation->processRules('user_eposta', 'user_eposta', 'ceyhunsozer@out...', Array, Array)
#6 /Users/tikoapp/Documents/GitHub/kelesoglu_grup/app/Controllers/TikoPortal/User.php(123): CodeIgniter\Validation\Validation->run(Array, 'loginRules')
#7 /Users/tikoapp/Documents/GitHub/kelesoglu_grup/system/CodeIgniter.php(919): App\Controllers\TikoPortal\User->checkLogin()
#8 /Users/tikoapp/Documents/GitHub/kelesoglu_grup/system/CodeIgniter.php(494): CodeIgniter\CodeIgniter->runController(Object(App\Controllers\TikoPortal\User))
#9 /Users/tikoapp/Documents/GitHub/kelesoglu_grup/system/CodeIgniter.php(353): CodeIgniter\CodeIgniter->handleRequest(NULL, Object(Config\Cache), false)
#10 /Users/tikoapp/Documents/GitHub/kelesoglu_grup/public_html/index.php(79): CodeIgniter\CodeIgniter->run()
#11 /Users/tikoapp/Documents/GitHub/kelesoglu_grup/system/Commands/Server/rewrite.php(47): require_once('/Users/tikoapp/...')
#12 {main}
CRITICAL - 2025-09-01 12:22:04 --> Unable to connect to the database.
Main connection [MySQLi]: Access denied for user '****'@'78.186.167.202' (using password: YES)
in SYSTEMPATH/Database/BaseConnection.php on line 427.
 1 SYSTEMPATH/Database/BaseConnection.php(574): CodeIgniter\Database\BaseConnection->initialize()
 2 SYSTEMPATH/Database/BaseBuilder.php(1615): CodeIgniter\Database\BaseConnection->query('SELECT 1
FROM `user`
WHERE `user_eposta` = :user_eposta:
 LIMIT 1', [...], false)
 3 SYSTEMPATH/Validation/StrictRules/Rules.php(147): CodeIgniter\Database\BaseBuilder->get()
 4 SYSTEMPATH/Validation/Validation.php(309): CodeIgniter\Validation\StrictRules\Rules->is_not_unique('ceyhunsozer@outlook.com', 'user_eposta', [...], null, 'user_eposta')
 5 SYSTEMPATH/Validation/Validation.php(195): CodeIgniter\Validation\Validation->processRules('user_eposta', 'user_eposta', 'ceyhunsozer@outlook.com', [...], [...])
 6 APPPATH/Controllers/TikoPortal/User.php(123): CodeIgniter\Validation\Validation->run([...], 'loginRules')
 7 SYSTEMPATH/CodeIgniter.php(919): App\Controllers\TikoPortal\User->checkLogin()
 8 SYSTEMPATH/CodeIgniter.php(494): CodeIgniter\CodeIgniter->runController(Object(App\Controllers\TikoPortal\User))
 9 SYSTEMPATH/CodeIgniter.php(353): CodeIgniter\CodeIgniter->handleRequest(null, Object(Config\Cache), false)
10 FCPATH/index.php(79): CodeIgniter\CodeIgniter->run()
11 SYSTEMPATH/Commands/Server/rewrite.php(47): require_once('/Users/tikoapp/Documents/GitHub/kelesoglu_grup/public_html/index.php')
INFO - 2025-09-01 12:25:46 --> Session: Class initialized using 'CodeIgniter\Session\Handlers\FileHandler' driver.
ERROR - 2025-09-01 12:25:48 --> Error connecting to the database: mysqli_sql_exception: Access denied for user 'brkd_us'@'78.186.167.202' (using password: YES) in /Users/tikoapp/Documents/GitHub/kelesoglu_grup/system/Database/MySQLi/Connection.php:185
Stack trace:
#0 /Users/tikoapp/Documents/GitHub/kelesoglu_grup/system/Database/MySQLi/Connection.php(185): mysqli->real_connect('45.143.99.171', 'brkd_us', 'Z690&bk5s', 'brkd_db', 3306, '', 0)
#1 /Users/tikoapp/Documents/GitHub/kelesoglu_grup/system/Database/BaseConnection.php(391): CodeIgniter\Database\MySQLi\Connection->connect(false)
#2 /Users/tikoapp/Documents/GitHub/kelesoglu_grup/system/Database/BaseConnection.php(574): CodeIgniter\Database\BaseConnection->initialize()
#3 /Users/tikoapp/Documents/GitHub/kelesoglu_grup/system/Database/BaseBuilder.php(1615): CodeIgniter\Database\BaseConnection->query('SELECT 1\nFROM `...', Array, false)
#4 /Users/tikoapp/Documents/GitHub/kelesoglu_grup/system/Validation/StrictRules/Rules.php(147): CodeIgniter\Database\BaseBuilder->get()
#5 /Users/tikoapp/Documents/GitHub/kelesoglu_grup/system/Validation/Validation.php(309): CodeIgniter\Validation\StrictRules\Rules->is_not_unique('ceyhunsozer@out...', 'user_eposta', Array, NULL, 'user_eposta')
#6 /Users/tikoapp/Documents/GitHub/kelesoglu_grup/system/Validation/Validation.php(195): CodeIgniter\Validation\Validation->processRules('user_eposta', 'user_eposta', 'ceyhunsozer@out...', Array, Array)
#7 /Users/tikoapp/Documents/GitHub/kelesoglu_grup/app/Controllers/TikoPortal/User.php(123): CodeIgniter\Validation\Validation->run(Array, 'loginRules')
#8 /Users/tikoapp/Documents/GitHub/kelesoglu_grup/system/CodeIgniter.php(919): App\Controllers\TikoPortal\User->checkLogin()
#9 /Users/tikoapp/Documents/GitHub/kelesoglu_grup/system/CodeIgniter.php(494): CodeIgniter\CodeIgniter->runController(Object(App\Controllers\TikoPortal\User))
#10 /Users/tikoapp/Documents/GitHub/kelesoglu_grup/system/CodeIgniter.php(353): CodeIgniter\CodeIgniter->handleRequest(NULL, Object(Config\Cache), false)
#11 /Users/tikoapp/Documents/GitHub/kelesoglu_grup/public_html/index.php(79): CodeIgniter\CodeIgniter->run()
#12 /Users/tikoapp/Documents/GitHub/kelesoglu_grup/system/Commands/Server/rewrite.php(47): require_once('/Users/tikoapp/...')
#13 {main}

Next CodeIgniter\Database\Exceptions\DatabaseException: Access denied for user '****'@'78.186.167.202' (using password: YES) in /Users/tikoapp/Documents/GitHub/kelesoglu_grup/system/Database/MySQLi/Connection.php:229
Stack trace:
#0 /Users/tikoapp/Documents/GitHub/kelesoglu_grup/system/Database/BaseConnection.php(391): CodeIgniter\Database\MySQLi\Connection->connect(false)
#1 /Users/tikoapp/Documents/GitHub/kelesoglu_grup/system/Database/BaseConnection.php(574): CodeIgniter\Database\BaseConnection->initialize()
#2 /Users/tikoapp/Documents/GitHub/kelesoglu_grup/system/Database/BaseBuilder.php(1615): CodeIgniter\Database\BaseConnection->query('SELECT 1\nFROM `...', Array, false)
#3 /Users/tikoapp/Documents/GitHub/kelesoglu_grup/system/Validation/StrictRules/Rules.php(147): CodeIgniter\Database\BaseBuilder->get()
#4 /Users/tikoapp/Documents/GitHub/kelesoglu_grup/system/Validation/Validation.php(309): CodeIgniter\Validation\StrictRules\Rules->is_not_unique('ceyhunsozer@out...', 'user_eposta', Array, NULL, 'user_eposta')
#5 /Users/tikoapp/Documents/GitHub/kelesoglu_grup/system/Validation/Validation.php(195): CodeIgniter\Validation\Validation->processRules('user_eposta', 'user_eposta', 'ceyhunsozer@out...', Array, Array)
#6 /Users/tikoapp/Documents/GitHub/kelesoglu_grup/app/Controllers/TikoPortal/User.php(123): CodeIgniter\Validation\Validation->run(Array, 'loginRules')
#7 /Users/tikoapp/Documents/GitHub/kelesoglu_grup/system/CodeIgniter.php(919): App\Controllers\TikoPortal\User->checkLogin()
#8 /Users/tikoapp/Documents/GitHub/kelesoglu_grup/system/CodeIgniter.php(494): CodeIgniter\CodeIgniter->runController(Object(App\Controllers\TikoPortal\User))
#9 /Users/tikoapp/Documents/GitHub/kelesoglu_grup/system/CodeIgniter.php(353): CodeIgniter\CodeIgniter->handleRequest(NULL, Object(Config\Cache), false)
#10 /Users/tikoapp/Documents/GitHub/kelesoglu_grup/public_html/index.php(79): CodeIgniter\CodeIgniter->run()
#11 /Users/tikoapp/Documents/GitHub/kelesoglu_grup/system/Commands/Server/rewrite.php(47): require_once('/Users/tikoapp/...')
#12 {main}
CRITICAL - 2025-09-01 12:25:48 --> Unable to connect to the database.
Main connection [MySQLi]: Access denied for user '****'@'78.186.167.202' (using password: YES)
in SYSTEMPATH/Database/BaseConnection.php on line 427.
 1 SYSTEMPATH/Database/BaseConnection.php(574): CodeIgniter\Database\BaseConnection->initialize()
 2 SYSTEMPATH/Database/BaseBuilder.php(1615): CodeIgniter\Database\BaseConnection->query('SELECT 1
FROM `user`
WHERE `user_eposta` = :user_eposta:
 LIMIT 1', [...], false)
 3 SYSTEMPATH/Validation/StrictRules/Rules.php(147): CodeIgniter\Database\BaseBuilder->get()
 4 SYSTEMPATH/Validation/Validation.php(309): CodeIgniter\Validation\StrictRules\Rules->is_not_unique('ceyhunsozer@outlook.com', 'user_eposta', [...], null, 'user_eposta')
 5 SYSTEMPATH/Validation/Validation.php(195): CodeIgniter\Validation\Validation->processRules('user_eposta', 'user_eposta', 'ceyhunsozer@outlook.com', [...], [...])
 6 APPPATH/Controllers/TikoPortal/User.php(123): CodeIgniter\Validation\Validation->run([...], 'loginRules')
 7 SYSTEMPATH/CodeIgniter.php(919): App\Controllers\TikoPortal\User->checkLogin()
 8 SYSTEMPATH/CodeIgniter.php(494): CodeIgniter\CodeIgniter->runController(Object(App\Controllers\TikoPortal\User))
 9 SYSTEMPATH/CodeIgniter.php(353): CodeIgniter\CodeIgniter->handleRequest(null, Object(Config\Cache), false)
10 FCPATH/index.php(79): CodeIgniter\CodeIgniter->run()
11 SYSTEMPATH/Commands/Server/rewrite.php(47): require_once('/Users/tikoapp/Documents/GitHub/kelesoglu_grup/public_html/index.php')
ERROR - 2025-09-01 12:28:25 --> mysqli_sql_exception: Table 'brkd_db.user' doesn't exist in /Users/tikoapp/Documents/GitHub/kelesoglu_grup/system/Database/MySQLi/Connection.php:306
Stack trace:
#0 /Users/tikoapp/Documents/GitHub/kelesoglu_grup/system/Database/MySQLi/Connection.php(306): mysqli->query('SELECT 1\nFROM `...', 0)
#1 /Users/tikoapp/Documents/GitHub/kelesoglu_grup/system/Database/BaseConnection.php(692): CodeIgniter\Database\MySQLi\Connection->execute('SELECT 1\nFROM `...')
#2 /Users/tikoapp/Documents/GitHub/kelesoglu_grup/system/Database/BaseConnection.php(606): CodeIgniter\Database\BaseConnection->simpleQuery('SELECT 1\nFROM `...')
#3 /Users/tikoapp/Documents/GitHub/kelesoglu_grup/system/Database/BaseBuilder.php(1615): CodeIgniter\Database\BaseConnection->query('SELECT 1\nFROM `...', Array, false)
#4 /Users/tikoapp/Documents/GitHub/kelesoglu_grup/system/Validation/StrictRules/Rules.php(147): CodeIgniter\Database\BaseBuilder->get()
#5 /Users/tikoapp/Documents/GitHub/kelesoglu_grup/system/Validation/Validation.php(309): CodeIgniter\Validation\StrictRules\Rules->is_not_unique('ceyhunsozer@out...', 'user_eposta', Array, NULL, 'user_eposta')
#6 /Users/tikoapp/Documents/GitHub/kelesoglu_grup/system/Validation/Validation.php(195): CodeIgniter\Validation\Validation->processRules('user_eposta', 'user_eposta', 'ceyhunsozer@out...', Array, Array)
#7 /Users/tikoapp/Documents/GitHub/kelesoglu_grup/app/Controllers/TikoPortal/User.php(123): CodeIgniter\Validation\Validation->run(Array, 'loginRules')
#8 /Users/tikoapp/Documents/GitHub/kelesoglu_grup/system/CodeIgniter.php(919): App\Controllers\TikoPortal\User->checkLogin()
#9 /Users/tikoapp/Documents/GitHub/kelesoglu_grup/system/CodeIgniter.php(494): CodeIgniter\CodeIgniter->runController(Object(App\Controllers\TikoPortal\User))
#10 /Users/tikoapp/Documents/GitHub/kelesoglu_grup/system/CodeIgniter.php(353): CodeIgniter\CodeIgniter->handleRequest(NULL, Object(Config\Cache), false)
#11 /Users/tikoapp/Documents/GitHub/kelesoglu_grup/public_html/index.php(79): CodeIgniter\CodeIgniter->run()
#12 /Users/tikoapp/Documents/GitHub/kelesoglu_grup/system/Commands/Server/rewrite.php(47): require_once('/Users/tikoapp/...')
#13 {main}
CRITICAL - 2025-09-01 12:28:25 --> Table 'brkd_db.user' doesn't exist
in SYSTEMPATH/Database/BaseConnection.php on line 646.
 1 SYSTEMPATH/Database/BaseBuilder.php(1615): CodeIgniter\Database\BaseConnection->query('SELECT 1
FROM `user`
WHERE `user_eposta` = :user_eposta:
 LIMIT 1', [...], false)
 2 SYSTEMPATH/Validation/StrictRules/Rules.php(147): CodeIgniter\Database\BaseBuilder->get()
 3 SYSTEMPATH/Validation/Validation.php(309): CodeIgniter\Validation\StrictRules\Rules->is_not_unique('ceyhunsozer@outlook.com', 'user_eposta', [...], null, 'user_eposta')
 4 SYSTEMPATH/Validation/Validation.php(195): CodeIgniter\Validation\Validation->processRules('user_eposta', 'user_eposta', 'ceyhunsozer@outlook.com', [...], [...])
 5 APPPATH/Controllers/TikoPortal/User.php(123): CodeIgniter\Validation\Validation->run([...], 'loginRules')
 6 SYSTEMPATH/CodeIgniter.php(919): App\Controllers\TikoPortal\User->checkLogin()
 7 SYSTEMPATH/CodeIgniter.php(494): CodeIgniter\CodeIgniter->runController(Object(App\Controllers\TikoPortal\User))
 8 SYSTEMPATH/CodeIgniter.php(353): CodeIgniter\CodeIgniter->handleRequest(null, Object(Config\Cache), false)
 9 FCPATH/index.php(79): CodeIgniter\CodeIgniter->run()
10 SYSTEMPATH/Commands/Server/rewrite.php(47): require_once('/Users/tikoapp/Documents/GitHub/kelesoglu_grup/public_html/index.php')
INFO - 2025-09-01 12:32:07 --> Session: Class initialized using 'CodeIgniter\Session\Handlers\FileHandler' driver.
INFO - 2025-09-01 12:32:07 --> Session: Class initialized using 'CodeIgniter\Session\Handlers\FileHandler' driver.
INFO - 2025-09-01 12:32:12 --> Session: Class initialized using 'CodeIgniter\Session\Handlers\FileHandler' driver.
INFO - 2025-09-01 12:32:53 --> Session: Class initialized using 'CodeIgniter\Session\Handlers\FileHandler' driver.
INFO - 2025-09-01 12:32:54 --> Session: Class initialized using 'CodeIgniter\Session\Handlers\FileHandler' driver.
INFO - 2025-09-01 12:32:56 --> Session: Class initialized using 'CodeIgniter\Session\Handlers\FileHandler' driver.
INFO - 2025-09-01 12:33:40 --> Session: Class initialized using 'CodeIgniter\Session\Handlers\FileHandler' driver.
INFO - 2025-09-01 12:33:41 --> Session: Class initialized using 'CodeIgniter\Session\Handlers\FileHandler' driver.
INFO - 2025-09-01 12:34:03 --> Session: Class initialized using 'CodeIgniter\Session\Handlers\FileHandler' driver.
